[debug] > Exec(early(addDefaultCommands), None, None)
[debug] > Exec(addDefaultCommands, None, None)
[debug] > Exec(early(initialize), None, None)
[debug] > Exec(initialize, None, None)
[debug] > Exec(boot, None, None)
[debug] > Exec(writeSbtVersion, None, None)
[debug] > Exec(reload, None, None)
[debug] > Exec(sbtStashOnFailure, None, None)
[debug] > Exec(onFailure loadFailed, None, None)
[debug] > Exec(loadp, None, None)
[info] welcome to sbt 1.9.8 (Oracle Corporation Java 21.0.1)
[debug] Load.defaultLoad until apply took 138.3961ms
[debug]           Load.loadUnit: plugins took 79.3715ms
[debug]           Load.loadUnit: defsScala took 0.4849ms
[debug] [Loading] Scanning directory C:\Users\cbhas\Documents\Universidad\Prog. Funcional y Reactiva\ActividadesSegundoBimestre\ProyectoBimestral\project
[debug] [Loading] Found non-root projects 
[debug] [Loading] Done in C:\Users\cbhas\Documents\Universidad\Prog. Funcional y Reactiva\ActividadesSegundoBimestre\ProyectoBimestral\project, returning: ()
[debug] deducing auto plugins based on known facts Set(Atom(sbt.plugins.CorePlugin)) and clauses Clauses(Clause(Atom(sbt.plugins.JvmPlugin),Set(Atom(sbt.plugins.IvyPlugin)))
[debug] Clause(Atom(sbt.ScriptedPlugin),Set(Atom(sbt.plugins.JvmPlugin)))
[debug] Clause(Atom(sbt.plugins.SbtPlugin),Set(Atom(sbt.ScriptedPlugin)))
[debug] Clause(Atom(sbt.plugins.SemanticdbPlugin),Set(Atom(sbt.plugins.JvmPlugin)))
[debug] Clause(Atom(sbt.plugins.JUnitXmlReportPlugin),Set(Atom(sbt.plugins.JvmPlugin)))
[debug] Clause(Atom(sbt.plugins.MiniDependencyTreePlugin),Set(Atom(sbt.plugins.JvmPlugin)))
[debug] Clause(Atom(sbt.plugins.CorePlugin),Set(Atom(sbt.plugins.IvyPlugin)))
[debug] Clause(Atom(sbt.plugins.IvyPlugin),Set(Atom(sbt.plugins.JvmPlugin)))
[debug] Clause(Atom(sbt.plugins.JvmPlugin),Set(Atom(sbt.plugins.SemanticdbPlugin)))
[debug] Clause(Atom(sbt.plugins.JvmPlugin),Set(Atom(sbt.plugins.JUnitXmlReportPlugin)))
[debug] Clause(Atom(sbt.plugins.CorePlugin),Set(Atom(sbt.plugins.Giter8TemplatePlugin)))
[debug] Clause(Atom(sbt.plugins.JvmPlugin),Set(Atom(sbt.plugins.MiniDependencyTreePlugin))))
[debug]   :: deduced result: Matched(sbt.plugins.CorePlugin,sbt.plugins.Giter8TemplatePlugin,sbt.plugins.IvyPlugin,sbt.plugins.JvmPlugin,sbt.plugins.MiniDependencyTreePlugin,sbt.plugins.JUnitXmlReportPlugin,sbt.plugins.SemanticdbPlugin)
[debug] Plugins.deducer#function took 19.6355 ms
[debug]               Load.resolveProject(proyectobimestral-build) took 42.9795ms
[debug]             Load.loadTransitive: finalizeProject(Project(id proyectobimestral-build, base: C:\Users\cbhas\Documents\Universidad\Prog. Funcional y Reactiva\ActividadesSegundoBimestre\ProyectoBimestral\project, plugins: List(<none>))) took 85.9885ms
[debug] [Loading] Done in C:\Users\cbhas\Documents\Universidad\Prog. Funcional y Reactiva\ActividadesSegundoBimestre\ProyectoBimestral\project, returning: (proyectobimestral-build)
[debug]           Load.loadUnit: loadedProjectsRaw took 109.5863ms
[debug]           Load.loadUnit: cleanEvalClasses took 0.3931ms
[debug]         Load.loadUnit(file:/C:/Users/cbhas/Documents/Universidad/Prog.%20Funcional%20y%20Reactiva/ActividadesSegundoBimestre/ProyectoBimestral/project/, ...) took 200.2716ms
[debug]       Load.apply: load took 474.7066ms
[debug]       Load.apply: resolveProjects took 9.7036ms
[debug]       Load.apply: finalTransforms took 115.8629ms
[debug]       Load.apply: config.delegates took 22.899ms
[debug]       Load.apply: Def.make(settings)... took 607.4572ms
[debug]       Load.apply: structureIndex took 245.7767ms
[debug]       Load.apply: mkStreams took 9.973ms
[info] loading project definition from C:\Users\cbhas\Documents\Universidad\Prog. Funcional y Reactiva\ActividadesSegundoBimestre\ProyectoBimestral\project
[debug] Running task... Cancel: Signal, check cycles: false, forcegc: true
[debug]     Load.loadUnit: plugins took 2777.7359ms
[debug]     Load.loadUnit: defsScala took 0.0094ms
[debug] [Loading] Scanning directory C:\Users\cbhas\Documents\Universidad\Prog. Funcional y Reactiva\ActividadesSegundoBimestre\ProyectoBimestral
[debug]       Load.loadUnit: mkEval took 4.4672ms
[debug] [Loading] Found root project root w/ remaining 
[debug] deducing auto plugins based on known facts Set(Atom(sbt.plugins.CorePlugin)) and clauses Clauses(Clause(Atom(sbt.plugins.JvmPlugin),Set(Atom(sbt.plugins.IvyPlugin)))
[debug] Clause(Atom(sbt.ScriptedPlugin),Set(Atom(sbt.plugins.JvmPlugin)))
[debug] Clause(Atom(sbt.plugins.SbtPlugin),Set(Atom(sbt.ScriptedPlugin)))
[debug] Clause(Atom(sbt.plugins.SemanticdbPlugin),Set(Atom(sbt.plugins.JvmPlugin)))
[debug] Clause(Atom(sbt.plugins.JUnitXmlReportPlugin),Set(Atom(sbt.plugins.JvmPlugin)))
[debug] Clause(Atom(sbt.plugins.MiniDependencyTreePlugin),Set(Atom(sbt.plugins.JvmPlugin)))
[debug] Clause(Atom(sbt.plugins.CorePlugin),Set(Atom(sbt.plugins.IvyPlugin)))
[debug] Clause(Atom(sbt.plugins.IvyPlugin),Set(Atom(sbt.plugins.JvmPlugin)))
[debug] Clause(Atom(sbt.plugins.JvmPlugin),Set(Atom(sbt.plugins.SemanticdbPlugin)))
[debug] Clause(Atom(sbt.plugins.JvmPlugin),Set(Atom(sbt.plugins.JUnitXmlReportPlugin)))
[debug] Clause(Atom(sbt.plugins.CorePlugin),Set(Atom(sbt.plugins.Giter8TemplatePlugin)))
[debug] Clause(Atom(sbt.plugins.JvmPlugin),Set(Atom(sbt.plugins.MiniDependencyTreePlugin))))
[debug]   :: deduced result: Matched(sbt.plugins.CorePlugin,sbt.plugins.Giter8TemplatePlugin,sbt.plugins.IvyPlugin,sbt.plugins.JvmPlugin,sbt.plugins.MiniDependencyTreePlugin,sbt.plugins.JUnitXmlReportPlugin,sbt.plugins.SemanticdbPlugin)
[debug] Plugins.deducer#function took 1.5171 ms
[info] loading settings for project root from build.sbt ...
[debug]         Load.resolveProject(root) took 2.6571ms
[debug]       Load.loadTransitive: finalizeProject(Project(id root, base: C:\Users\cbhas\Documents\Universidad\Prog. Funcional y Reactiva\ActividadesSegundoBimestre\ProyectoBimestral, plugins: List(<none>))) took 5.0367ms
[debug] [Loading] Done in C:\Users\cbhas\Documents\Universidad\Prog. Funcional y Reactiva\ActividadesSegundoBimestre\ProyectoBimestral, returning: (root)
[debug]     Load.loadUnit: loadedProjectsRaw took 2312.0ms
[debug]     Load.loadUnit: cleanEvalClasses took 14.4401ms
[debug]   Load.loadUnit(file:/C:/Users/cbhas/Documents/Universidad/Prog.%20Funcional%20y%20Reactiva/ActividadesSegundoBimestre/ProyectoBimestral/, ...) took 5106.0625ms
[debug] Load.apply: load took 5132.7329ms
[debug] Load.apply: resolveProjects took 0.0898ms
[debug] Load.apply: finalTransforms took 10.1324ms
[debug] Load.apply: config.delegates took 0.4018ms
[debug] Load.apply: Def.make(settings)... took 69.821ms
[debug] Load.apply: structureIndex took 27.057ms
[debug] Load.apply: mkStreams took 0.0027ms
[info] set current project to ProyectoBimestral (in build file:/C:/Users/cbhas/Documents/Universidad/Prog.%20Funcional%20y%20Reactiva/ActividadesSegundoBimestre/ProyectoBimestral/)
[debug] > Exec(sbtPopOnFailure, None, None)
[debug] > Exec(resumeFromFailure, None, None)
[debug] > Exec(notifyUsersAboutShell, None, None)
[debug] > Exec(iflast shell, None, None)
[debug] > Exec(shell, None, None)
[info] sbt server started at local:sbt-server-2d93e2f569e42193627f
[debug] Writing bsp connection file
[info] started sbt server
